<?xml version="1.0" encoding="UTF-8"?>
<!-- Generated by org.testng.reporters.JUnitReportReporter -->
<testsuite skipped="0" hostname="Intel-PC-Shreejesh" name="com.fleetain.Testcase.Masters_AddComplaintCategoryTest" tests="3" failures="0" timestamp="25 May 2019 12:27:45 GMT" time="12.211" errors="0">
  <testcase name="add_Complaint_Category" time="3.815" classname="com.fleetain.Testcase.Masters_AddComplaintCategoryTest"/>
  <testcase name="add_Complaint_Category" time="4.150" classname="com.fleetain.Testcase.Masters_AddComplaintCategoryTest"/>
  <testcase name="add_Complaint_Category" time="4.246" classname="com.fleetain.Testcase.Masters_AddComplaintCategoryTest"/>
</testsuite> <!-- com.fleetain.Testcase.Masters_AddComplaintCategoryTest -->
