<?xml version="1.0" encoding="UTF-8"?>
<!-- Generated by org.testng.reporters.JUnitReportReporter -->
<testsuite skipped="0" hostname="Intel-PC-Shreejesh" name="com.fleetain.Testcase.InspectionsTest" tests="1" failures="0" timestamp="27 May 2019 06:26:01 GMT" time="0.009" errors="0">
  <testcase name="none" time="0.009" classname="com.fleetain.Testcase.InspectionsTest"/>
</testsuite> <!-- com.fleetain.Testcase.InspectionsTest -->
