<?xml version="1.0" encoding="UTF-8"?>
<!-- Generated by org.testng.reporters.JUnitReportReporter -->
<testsuite skipped="0" hostname="PAVILION" name="com.fleetain.Testcase.Inspection_InspectionListTestMonthly" tests="12" failures="0" timestamp="29 May 2019 18:00:52 GMT" time="55.093" errors="0">
  <testcase name="enter_Inspection_Data" time="6.072" classname="com.fleetain.Testcase.Inspection_InspectionListTestMonthly"/>
  <testcase name="click_On_add_Item" time="0.257" classname="com.fleetain.Testcase.Inspection_InspectionListTestMonthly"/>
  <testcase name="select_pass_Add_Items" time="4.400" classname="com.fleetain.Testcase.Inspection_InspectionListTestMonthly"/>
  <testcase name="click_On_Add_Item_And_Select_Pass_Fail" time="4.549" classname="com.fleetain.Testcase.Inspection_InspectionListTestMonthly"/>
  <testcase name="click_on_Odometer_Entry" time="2.959" classname="com.fleetain.Testcase.Inspection_InspectionListTestMonthly"/>
  <testcase name="click_On_Reading_Entry" time="3.480" classname="com.fleetain.Testcase.Inspection_InspectionListTestMonthly"/>
  <testcase name="click_On_Save_Button" time="4.752" classname="com.fleetain.Testcase.Inspection_InspectionListTestMonthly"/>
  <testcase name="assign_Vehicle" time="14.705" classname="com.fleetain.Testcase.Inspection_InspectionListTestMonthly"/>
  <testcase name="assign_Person" time="7.226" classname="com.fleetain.Testcase.Inspection_InspectionListTestMonthly"/>
  <testcase name="add_Work_Flow" time="6.422" classname="com.fleetain.Testcase.Inspection_InspectionListTestMonthly"/>
  <testcase name="acceptThePopUpAlert" time="0.270" classname="com.fleetain.Testcase.Inspection_InspectionListTestMonthly"/>
  <testcase name="check_Inspection_Is_Occured" time="0.001" classname="com.fleetain.Testcase.Inspection_InspectionListTestMonthly"/>
</testsuite> <!-- com.fleetain.Testcase.Inspection_InspectionListTestMonthly -->
