<?xml version="1.0" encoding="UTF-8"?>
<!-- Generated by org.testng.reporters.JUnitReportReporter -->
<testsuite skipped="0" hostname="Intel-PC-Shreejesh" name="com.fleetain.Testcase.UnitMasterTest" tests="1" failures="0" timestamp="23 May 2019 10:23:10 GMT" time="0.006" errors="0">
  <testcase name="sdsff" time="0.006" classname="com.fleetain.Testcase.UnitMasterTest"/>
</testsuite> <!-- com.fleetain.Testcase.UnitMasterTest -->
