<?xml version="1.0" encoding="UTF-8"?>
<!-- Generated by org.testng.reporters.JUnitReportReporter -->
<testsuite skipped="0" hostname="Intel-PC-Shreejesh" name="com.fleetain.Testcase.MakeModelTest" tests="1" failures="0" timestamp="23 May 2019 10:28:24 GMT" time="0.006" errors="0">
  <testcase name="none" time="0.006" classname="com.fleetain.Testcase.MakeModelTest"/>
</testsuite> <!-- com.fleetain.Testcase.MakeModelTest -->
