<?xml version="1.0" encoding="UTF-8"?>
<!-- Generated by org.testng.reporters.JUnitReportReporter -->
<testsuite skipped="0" hostname="Intel-PC-Shreejesh" name="com.fleetain.Testcase.WarehouseMasterTest" tests="1" failures="0" timestamp="24 May 2019 10:48:14 GMT" time="0.007" errors="0">
  <testcase name="none" time="0.007" classname="com.fleetain.Testcase.WarehouseMasterTest"/>
</testsuite> <!-- com.fleetain.Testcase.WarehouseMasterTest -->
