<?xml version="1.0" encoding="UTF-8"?>
<!-- Generated by org.testng.reporters.JUnitReportReporter -->
<testsuite skipped="0" hostname="PAVILION" name="com.fleetain.Testcase.Inspection_InspectionListTestYearly" tests="12" failures="0" timestamp="29 May 2019 18:27:54 GMT" time="52.126" errors="0">
  <testcase name="enter_Inspection_Data" time="7.305" classname="com.fleetain.Testcase.Inspection_InspectionListTestYearly"/>
  <testcase name="click_On_add_Item" time="0.244" classname="com.fleetain.Testcase.Inspection_InspectionListTestYearly"/>
  <testcase name="select_pass_Add_Items" time="4.118" classname="com.fleetain.Testcase.Inspection_InspectionListTestYearly"/>
  <testcase name="click_On_Add_Item_And_Select_Pass_Fail" time="4.292" classname="com.fleetain.Testcase.Inspection_InspectionListTestYearly"/>
  <testcase name="click_on_Odometer_Entry" time="2.975" classname="com.fleetain.Testcase.Inspection_InspectionListTestYearly"/>
  <testcase name="click_On_Reading_Entry" time="3.354" classname="com.fleetain.Testcase.Inspection_InspectionListTestYearly"/>
  <testcase name="click_On_Save_Button" time="4.048" classname="com.fleetain.Testcase.Inspection_InspectionListTestYearly"/>
  <testcase name="assign_Vehicle" time="15.394" classname="com.fleetain.Testcase.Inspection_InspectionListTestYearly"/>
  <testcase name="assign_Person" time="4.740" classname="com.fleetain.Testcase.Inspection_InspectionListTestYearly"/>
  <testcase name="add_Work_Flow" time="5.613" classname="com.fleetain.Testcase.Inspection_InspectionListTestYearly"/>
  <testcase name="acceptThePopUpAlert" time="0.038" classname="com.fleetain.Testcase.Inspection_InspectionListTestYearly"/>
  <testcase name="check_Inspection_Is_Occured" time="0.005" classname="com.fleetain.Testcase.Inspection_InspectionListTestYearly"/>
</testsuite> <!-- com.fleetain.Testcase.Inspection_InspectionListTestYearly -->
