<?xml version="1.0" encoding="UTF-8"?>
<!-- Generated by org.testng.reporters.JUnitReportReporter -->
<testsuite skipped="0" hostname="Intel-PC-Shreejesh" name="com.fleetain.Testcase.AddPartCategoryPageTest" tests="1" failures="0" timestamp="23 May 2019 06:23:57 GMT" time="2.855" errors="0">
  <testcase name="addPartCategory" time="2.855" classname="com.fleetain.Testcase.AddPartCategoryPageTest"/>
</testsuite> <!-- com.fleetain.Testcase.AddPartCategoryPageTest -->
