<?xml version="1.0" encoding="UTF-8"?>
<!-- Generated by org.testng.reporters.JUnitReportReporter -->
<testsuite skipped="0" hostname="Intel-PC-Shreejesh" name="com.fleetain.Testcase.Masters_PetrolPumpMasterTest" tests="1" failures="0" timestamp="24 May 2019 05:52:51 GMT" time="0.032" errors="0">
  <testcase name="none" time="0.032" classname="com.fleetain.Testcase.Masters_PetrolPumpMasterTest"/>
</testsuite> <!-- com.fleetain.Testcase.Masters_PetrolPumpMasterTest -->
