<?xml version="1.0" encoding="UTF-8"?>
<!-- Generated by org.testng.reporters.JUnitReportReporter -->
<testsuite name="com.fleetain.Testcase.LoginTest" tests="1" time="0.002" ignored="0" failures="0" timestamp="18 May 2019 06:32:14 GMT" skipped="1" hostname="Intel-PC-Shreejesh" errors="0">
  <testcase name="open_SignUp_Page" time="0.002" classname="com.fleetain.Testcase.LoginTest">
    <skipped/>
  </testcase> <!-- open_SignUp_Page -->
</testsuite> <!-- com.fleetain.Testcase.LoginTest -->
