<?xml version="1.0" encoding="UTF-8"?>
<!-- Generated by org.testng.reporters.JUnitReportReporter -->
<testsuite skipped="0" hostname="Intel-PC-Shreejesh" name="com.fleetain.Testcase.AddComplaintCategoryTest" tests="1" failures="0" timestamp="25 May 2019 05:31:25 GMT" time="5.065" errors="0">
  <testcase name="add_Complaint_Category" time="5.065" classname="com.fleetain.Testcase.AddComplaintCategoryTest"/>
</testsuite> <!-- com.fleetain.Testcase.AddComplaintCategoryTest -->
