<?xml version="1.0" encoding="UTF-8"?>
<!-- Generated by org.testng.reporters.JUnitReportReporter -->
<testsuite skipped="0" hostname="Intel-PC-Shreejesh" name="com.fleetain.Testcase.ComplaintsPagesTest" tests="1" failures="0" timestamp="21 May 2019 06:45:25 GMT" time="0.010" errors="0">
  <testcase name="verify_Complaint_Page_Title" time="0.010" classname="com.fleetain.Testcase.ComplaintsPagesTest"/>
</testsuite> <!-- com.fleetain.Testcase.ComplaintsPagesTest -->
