<?xml version="1.0" encoding="UTF-8"?>
<!-- Generated by org.testng.reporters.JUnitReportReporter -->
<testsuite skipped="0" hostname="Intel-PC-Shreejesh" name="com.fleetain.Testcase.Masters_MakeModelTest" tests="1" failures="0" timestamp="27 May 2019 05:32:41 GMT" time="18.923" errors="0">
  <testcase name="enter_Make_Model_Details" time="18.923" classname="com.fleetain.Testcase.Masters_MakeModelTest"/>
</testsuite> <!-- com.fleetain.Testcase.Masters_MakeModelTest -->
